------------------------------------[ 14.08.2019 17:57:21 ]-----------------------------------
ChatControl 8.3.10 encountered a COm1
Running CraftBukkit 1.14.4-R0.1-SNAPSHOT and Java 1.8.0_211
Plugins: dynmap v3.0-beta-5-218, WorldEdit v7.0.1-SNAPSHOT;4561-415cdc0, JoinCommands v1.2.0, PermissionsEx v1.23.4, WorldBorder v1.9.10 (beta), Vault v1.7.2-b107, The Multiverse-Core Plugin, ProtocolLib v4.4.0, Essentials v2.17.0.5, EssentialsProtect v2.17.0.5, EssentialsChat v2.17.0.5, EssentialsAntiBuild v2.17.0.5, ChatControl v8.3.10, HungerGames v4.10.7, EssentialsSpawn v2.17.0.5
----------------------------------------------------------------------------------------------

More Information: 
Inbuilt file or config is null! File: plugins\ChatControl\settings.yml, config: YamlConfiguration[path='', root='YamlConfiguration']
COm1 Report / Inbuilt file or config is null! File: plugins\ChatControl\settings.yml, config: YamlConfiguration[path='', root='YamlConfiguration']
	 at org.mineacademy.chatcontrol.final.nul. .lPt2.const(SourceFile:77)
	 at org.mineacademy.chatcontrol.final.nul. .CoM2.const(SourceFile:1345)
	 at org.mineacademy.chatcontrol.final.nul. .CoM2.volatile(SourceFile:1332)
	 at org.mineacademy.chatcontrol.final.nul. .CoM2.super(SourceFile:1304)
	 at org.mineacademy.chatcontrol.final.nul. .CoM2.short(SourceFile:474)
	 at org.mineacademy.chatcontrol.final.nul. .CoM2.super(SourceFile:636)
	 at org.mineacademy.chatcontrol.final.nul. .CoN.implements(SourceFile:296)
	 at org.mineacademy.chatcontrol.final.nul. .com1.init(SourceFile:199)
	 at sun.reflect.NativeMethodAccessorImpl.invoke0(Native Method)
	 at sun.reflect.NativeMethodAccessorImpl.invoke(Unknown Source)
	 at sun.reflect.DelegatingMethodAccessorImpl.invoke(Unknown Source)
	 at java.lang.reflect.Method.invoke(Unknown Source)
	 at org.mineacademy.chatcontrol.final.nul. .CoN.native(SourceFile:164)
	 at org.mineacademy.chatcontrol.final.nul. .CoN.const(SourceFile:133)
	 at org.mineacademy.chatcontrol.final.nul. .CoN.volatile(SourceFile:112)
	 at org.mineacademy.chatcontrol.final.nul. .CoN$1.a_(SourceFile:55)
	 at org.mineacademy.chatcontrol.final.nul. .CoM2.private(SourceFile:290)
	 at org.mineacademy.chatcontrol.final.nul. .CoN.native(SourceFile:202)
	 at org.mineacademy.chatcontrol.final.nul. .com1.const(SourceFile:39)
	 at org.mineacademy.chatcontrol.final.nul. .CoN.const(SourceFile:77)
	 at org.mineacademy.chatcontrol.final.nul. .com4.onEnable(SourceFile:253)
	 at org.bukkit.plugin.java.JavaPlugin.setEnabled(JavaPlugin.java:263)
	 at org.bukkit.plugin.java.JavaPluginLoader.enablePlugin(JavaPluginLoader.java:352)
	 at org.bukkit.plugin.SimplePluginManager.enablePlugin(SimplePluginManager.java:417)
	 at org.bukkit.craftbukkit.v1_14_R1.CraftServer.enablePlugin(CraftServer.java:461)
	 at org.bukkit.craftbukkit.v1_14_R1.CraftServer.enablePlugins(CraftServer.java:375)
----------------------------------------------------------------------------------------------


